<?xml version="1.0" encoding="UTF-8"?>
<!-- Generated by org.testng.reporters.JUnitXMLReporter -->
<testsuite ignored="1" hostname="YeruvaLa-LP" failures="2" tests="8" name="Test" time="12.532" errors="0" timestamp="2021-09-11T21:27:35 IST">
  <testcase classname="testng.Demo" name="demo" time="0.009"/>
  <testcase classname="testng.DependencyFeature" name="transfer" time="0.005">
    <failure type="java.lang.AssertionError" message="null">
      <![CDATA[java.lang.AssertionError: null
at testng.DependencyFeature.transfer(DependencyFeature.java:11)
at java.base/java.util.ArrayList.forEach(ArrayList.java:1541)
... Removed 29 stack frames]]>
    </failure>
  </testcase> <!-- transfer -->
  <testcase classname="testng.DependencyFeature" name="delete" time="0.0">
    <skipped/>
  </testcase> <!-- delete -->
  <testcase classname="testng.Remo" name="remo" time="0.002"/>
  <testcase classname="testng.FlagsofTestNG" name="run" time="0.006"/>
  <testcase classname="testng.FlagsofTestNG" name="gun" time="0.001"/>
  <testcase classname="testng.Sumo" name="sumo" time="0.004"/>
  <testcase classname="testng.AssertionFeature" name="assertLoginPage" time="12.357">
    <failure type="org.openqa.selenium.SessionNotCreatedException" message="session not created: This version of ChromeDriver only supports Chrome version 90
Current browser version is 93.0.4577.63 with binary path C:\Program Files\Google\Chrome\Application\chrome.exe
Build info: version: &amp;apos;3.141.59&amp;apos;, revision: &amp;apos;e82be7d358&amp;apos;, time: &amp;apos;2018-11-14T08:25:53&amp;apos;
System info: host: &amp;apos;YERUVALA-LP&amp;apos;, ip: &amp;apos;192.168.220.1&amp;apos;, os.name: &amp;apos;Windows 10&amp;apos;, os.arch: &amp;apos;amd64&amp;apos;, os.version: &amp;apos;10.0&amp;apos;, java.version: &amp;apos;11.0.12&amp;apos;
Driver info: driver.version: ChromeDriver
remote stacktrace: Backtrace:
	Ordinal0 [0x00F9C013+2474003]
	Ordinal0 [0x00F329C1+2042305]
	Ordinal0 [0x00E42F68+1060712]
	Ordinal0 [0x00E6188E+1185934]
	Ordinal0 [0x00E5D600+1168896]
	Ordinal0 [0x00E5AA83+1157763]
	Ordinal0 [0x00E8A2A2+1352354]
	Ordinal0 [0x00E88FAA+1347498]
	Ordinal0 [0x00E866DB+1337051]
	Ordinal0 [0x00E63427+1192999]
	Ordinal0 [0x00E642EE+1196782]
	Ordinal0 [0x00E64279+1196665]
	GetHandleVerifier [0x011296FC+1590332]
	GetHandleVerifier [0x011D8614+2306900]
	GetHandleVerifier [0x01029E93+543699]
	GetHandleVerifier [0x010292CE+540686]
	Ordinal0 [0x00F386BA+2066106]
	Ordinal0 [0x00F3D1C8+2085320]
	Ordinal0 [0x00F3D308+2085640]
	Ordinal0 [0x00F467F3+2123763]
	BaseThreadInitThunk [0x7688FA29+25]
	RtlGetAppContainerNamedObjectPath [0x77B47A7E+286]
	RtlGetAppContainerNamedObjectPath [0x77B47A4E+238]
">
      <![CDATA[org.openqa.selenium.SessionNotCreatedException: session not created: This version of ChromeDriver only supports Chrome version 90
Current browser version is 93.0.4577.63 with binary path C:\Program Files\Google\Chrome\Application\chrome.exe
Build info: version: '3.141.59', revision: 'e82be7d358', time: '2018-11-14T08:25:53'
System info: host: 'YERUVALA-LP', ip: '192.168.220.1', os.name: 'Windows 10', os.arch: 'amd64', os.version: '10.0', java.version: '11.0.12'
Driver info: driver.version: ChromeDriver
remote stacktrace: Backtrace:
Ordinal0 [0x00F9C013+2474003]
Ordinal0 [0x00F329C1+2042305]
Ordinal0 [0x00E42F68+1060712]
Ordinal0 [0x00E6188E+1185934]
Ordinal0 [0x00E5D600+1168896]
Ordinal0 [0x00E5AA83+1157763]
Ordinal0 [0x00E8A2A2+1352354]
Ordinal0 [0x00E88FAA+1347498]
Ordinal0 [0x00E866DB+1337051]
Ordinal0 [0x00E63427+1192999]
Ordinal0 [0x00E642EE+1196782]
Ordinal0 [0x00E64279+1196665]
GetHandleVerifier [0x011296FC+1590332]
GetHandleVerifier [0x011D8614+2306900]
GetHandleVerifier [0x01029E93+543699]
GetHandleVerifier [0x010292CE+540686]
Ordinal0 [0x00F386BA+2066106]
Ordinal0 [0x00F3D1C8+2085320]
Ordinal0 [0x00F3D308+2085640]
Ordinal0 [0x00F467F3+2123763]
BaseThreadInitThunk [0x7688FA29+25]
RtlGetAppContainerNamedObjectPath [0x77B47A7E+286]
RtlGetAppContainerNamedObjectPath [0x77B47A4E+238]

at org.openqa.selenium.remote.W3CHandshakeResponse.lambda$errorHandler$0(W3CHandshakeResponse.java:62)
at org.openqa.selenium.remote.HandshakeResponse.lambda$getResponseFunction$0(HandshakeResponse.java:30)
at org.openqa.selenium.remote.ProtocolHandshake.lambda$createSession$0(ProtocolHandshake.java:126)
at java.base/java.util.stream.ReferencePipeline$3$1.accept(ReferencePipeline.java:195)
at java.base/java.util.Spliterators$ArraySpliterator.tryAdvance(Spliterators.java:958)
at java.base/java.util.stream.ReferencePipeline.forEachWithCancel(ReferencePipeline.java:127)
at java.base/java.util.stream.AbstractPipeline.copyIntoWithCancel(AbstractPipeline.java:502)
at java.base/java.util.stream.AbstractPipeline.copyInto(AbstractPipeline.java:488)
at java.base/java.util.stream.AbstractPipeline.wrapAndCopyInto(AbstractPipeline.java:474)
at java.base/java.util.stream.FindOps$FindOp.evaluateSequential(FindOps.java:150)
at java.base/java.util.stream.AbstractPipeline.evaluate(AbstractPipeline.java:234)
at java.base/java.util.stream.ReferencePipeline.findFirst(ReferencePipeline.java:543)
at org.openqa.selenium.remote.ProtocolHandshake.createSession(ProtocolHandshake.java:128)
at org.openqa.selenium.remote.ProtocolHandshake.createSession(ProtocolHandshake.java:74)
at org.openqa.selenium.remote.HttpCommandExecutor.execute(HttpCommandExecutor.java:136)
at org.openqa.selenium.remote.service.DriverCommandExecutor.execute(DriverCommandExecutor.java:83)
at org.openqa.selenium.remote.RemoteWebDriver.execute(RemoteWebDriver.java:552)
at org.openqa.selenium.remote.RemoteWebDriver.startSession(RemoteWebDriver.java:213)
at org.openqa.selenium.remote.RemoteWebDriver.<init>(RemoteWebDriver.java:131)
at org.openqa.selenium.chrome.ChromeDriver.<init>(ChromeDriver.java:181)
at org.openqa.selenium.chrome.ChromeDriver.<init>(ChromeDriver.java:168)
at org.openqa.selenium.chrome.ChromeDriver.<init>(ChromeDriver.java:123)
at testng.AssertionFeature.assertLoginPage(AssertionFeature.java:16)
at java.base/java.util.ArrayList.forEach(ArrayList.java:1541)
... Removed 31 stack frames]]>
    </failure>
  </testcase> <!-- assertLoginPage -->
  <testcase classname="testng.FlagsofTestNG" name="bun" time="0.0">
    <ignored/>
  </testcase> <!-- bun -->
</testsuite> <!-- Test -->
