<!DOCTYPE html PUBLIC "-//W3C//DTD XHTML 1.1//EN" "https://www.w3.org/TR/xhtml11/DTD/xhtml11.dtd">
<html xmlns="https://www.w3.org/1999/xhtml">
<head>
<meta http-equiv="content-type" content="text/html; charset=UTF-8"/>
<title>TestNG Report</title>
<style type="text/css">table {margin-bottom:10px;border-collapse:collapse;empty-cells:show}th,td {border:1px solid #009;padding:.25em .5em}th {vertical-align:bottom}td {vertical-align:top}table a {font-weight:bold}.stripe td {background-color: #E6EBF9}.num {text-align:right}.passedodd td {background-color: #3F3}.passedeven td {background-color: #0A0}.skippedodd td {background-color: #DDD}.skippedeven td {background-color: #CCC}.failedodd td,.attn {background-color: #F33}.failedeven td,.stripe .attn {background-color: #D00}.stacktrace {white-space:pre;font-family:monospace}.totop {font-size:85%;text-align:center;border-bottom:2px solid #000}.invisible {display:none}</style>
</head>
<body>
<table>
<tr><th>Test</th><th># Passed</th><th># Skipped</th><th># Retried</th><th># Failed</th><th>Time (ms)</th><th>Included Groups</th><th>Excluded Groups</th></tr>
<tr><th colspan="8">Suite</th></tr>
<tr><td><a href="#t0">Test</a></td><td class="num">5</td><td class="num attn">1</td><td class="num">0</td><td class="num attn">2</td><td class="num">12,532</td><td></td><td></td></tr>
</table>
<table id='summary'><thead><tr><th>Class</th><th>Method</th><th>Start</th><th>Time (ms)</th></tr></thead><tbody><tr><th colspan="4">Suite</th></tr></tbody><tbody id="t0"><tr><th colspan="4">Test &#8212; failed</th></tr><tr class="failedeven"><td rowspan="1">testng.AssertionFeature</td><td><a href="#m0">assertLoginPage</a></td><td rowspan="1">1631375842686</td><td rowspan="1">12357</td></tr><tr class="failedodd"><td rowspan="1">testng.DependencyFeature</td><td><a href="#m1">transfer</a></td><td rowspan="1">1631375842634</td><td rowspan="1">5</td></tr><tr><th colspan="4">Test &#8212; skipped</th></tr><tr class="skippedeven"><td rowspan="1">testng.DependencyFeature</td><td><a href="#m2">delete</a></td><td rowspan="1">1631375842656</td><td rowspan="1">0</td></tr><tr><th colspan="4">Test &#8212; passed</th></tr><tr class="passedeven"><td rowspan="1">testng.Demo</td><td><a href="#m3">demo</a></td><td rowspan="1">1631375842618</td><td rowspan="1">9</td></tr><tr class="passedodd"><td rowspan="2">testng.FlagsofTestNG</td><td><a href="#m4">gun</a></td><td rowspan="1">1631375842674</td><td rowspan="1">1</td></tr><tr class="passedodd"><td><a href="#m5">run</a></td><td rowspan="1">1631375842665</td><td rowspan="1">6</td></tr><tr class="passedeven"><td rowspan="1">testng.Remo</td><td><a href="#m6">remo</a></td><td rowspan="1">1631375842660</td><td rowspan="1">2</td></tr><tr class="passedodd"><td rowspan="1">testng.Sumo</td><td><a href="#m7">sumo</a></td><td rowspan="1">1631375842677</td><td rowspan="1">4</td></tr></tbody>
</table>
<h2>Test</h2><h3 id="m0">testng.AssertionFeature#assertLoginPage</h3><table class="result"><tr><th>Exception</th></tr><tr><td><div class="stacktrace">org.openqa.selenium.SessionNotCreatedException: session not created: This version of ChromeDriver only supports Chrome version 90
Current browser version is 93.0.4577.63 with binary path C:\Program Files\Google\Chrome\Application\chrome.exe
Build info: version: &apos;3.141.59&apos;, revision: &apos;e82be7d358&apos;, time: &apos;2018-11-14T08:25:53&apos;
System info: host: &apos;YERUVALA-LP&apos;, ip: &apos;192.168.220.1&apos;, os.name: &apos;Windows 10&apos;, os.arch: &apos;amd64&apos;, os.version: &apos;10.0&apos;, java.version: &apos;11.0.12&apos;
Driver info: driver.version: ChromeDriver
remote stacktrace: Backtrace:
	Ordinal0 [0x00F9C013+2474003]
	Ordinal0 [0x00F329C1+2042305]
	Ordinal0 [0x00E42F68+1060712]
	Ordinal0 [0x00E6188E+1185934]
	Ordinal0 [0x00E5D600+1168896]
	Ordinal0 [0x00E5AA83+1157763]
	Ordinal0 [0x00E8A2A2+1352354]
	Ordinal0 [0x00E88FAA+1347498]
	Ordinal0 [0x00E866DB+1337051]
	Ordinal0 [0x00E63427+1192999]
	Ordinal0 [0x00E642EE+1196782]
	Ordinal0 [0x00E64279+1196665]
	GetHandleVerifier [0x011296FC+1590332]
	GetHandleVerifier [0x011D8614+2306900]
	GetHandleVerifier [0x01029E93+543699]
	GetHandleVerifier [0x010292CE+540686]
	Ordinal0 [0x00F386BA+2066106]
	Ordinal0 [0x00F3D1C8+2085320]
	Ordinal0 [0x00F3D308+2085640]
	Ordinal0 [0x00F467F3+2123763]
	BaseThreadInitThunk [0x7688FA29+25]
	RtlGetAppContainerNamedObjectPath [0x77B47A7E+286]
	RtlGetAppContainerNamedObjectPath [0x77B47A4E+238]

	at org.openqa.selenium.remote.W3CHandshakeResponse.lambda$errorHandler$0(W3CHandshakeResponse.java:62)
	at org.openqa.selenium.remote.HandshakeResponse.lambda$getResponseFunction$0(HandshakeResponse.java:30)
	at org.openqa.selenium.remote.ProtocolHandshake.lambda$createSession$0(ProtocolHandshake.java:126)
	at java.base/java.util.stream.ReferencePipeline$3$1.accept(ReferencePipeline.java:195)
	at java.base/java.util.Spliterators$ArraySpliterator.tryAdvance(Spliterators.java:958)
	at java.base/java.util.stream.ReferencePipeline.forEachWithCancel(ReferencePipeline.java:127)
	at java.base/java.util.stream.AbstractPipeline.copyIntoWithCancel(AbstractPipeline.java:502)
	at java.base/java.util.stream.AbstractPipeline.copyInto(AbstractPipeline.java:488)
	at java.base/java.util.stream.AbstractPipeline.wrapAndCopyInto(AbstractPipeline.java:474)
	at java.base/java.util.stream.FindOps$FindOp.evaluateSequential(FindOps.java:150)
	at java.base/java.util.stream.AbstractPipeline.evaluate(AbstractPipeline.java:234)
	at java.base/java.util.stream.ReferencePipeline.findFirst(ReferencePipeline.java:543)
	at org.openqa.selenium.remote.ProtocolHandshake.createSession(ProtocolHandshake.java:128)
	at org.openqa.selenium.remote.ProtocolHandshake.createSession(ProtocolHandshake.java:74)
	at org.openqa.selenium.remote.HttpCommandExecutor.execute(HttpCommandExecutor.java:136)
	at org.openqa.selenium.remote.service.DriverCommandExecutor.execute(DriverCommandExecutor.java:83)
	at org.openqa.selenium.remote.RemoteWebDriver.execute(RemoteWebDriver.java:552)
	at org.openqa.selenium.remote.RemoteWebDriver.startSession(RemoteWebDriver.java:213)
	at org.openqa.selenium.remote.RemoteWebDriver.&lt;init&gt;(RemoteWebDriver.java:131)
	at org.openqa.selenium.chrome.ChromeDriver.&lt;init&gt;(ChromeDriver.java:181)
	at org.openqa.selenium.chrome.ChromeDriver.&lt;init&gt;(ChromeDriver.java:168)
	at org.openqa.selenium.chrome.ChromeDriver.&lt;init&gt;(ChromeDriver.java:123)
	at testng.AssertionFeature.assertLoginPage(AssertionFeature.java:16)
	at java.base/java.util.ArrayList.forEach(ArrayList.java:1541)
... Removed 31 stack frames</div></td></tr></table><p class="totop"><a href="#summary">back to summary</a></p>
<h3 id="m1">testng.DependencyFeature#transfer</h3><table class="result"><tr><th>Exception</th></tr><tr><td><div class="stacktrace">java.lang.AssertionError: null
	at testng.DependencyFeature.transfer(DependencyFeature.java:11)
	at java.base/java.util.ArrayList.forEach(ArrayList.java:1541)
... Removed 29 stack frames</div></td></tr></table><p class="totop"><a href="#summary">back to summary</a></p>
<h3 id="m2">testng.DependencyFeature#delete</h3><table class="result"><tr><th>Exception</th></tr><tr><td><div class="stacktrace">java.lang.Throwable: Method DependencyFeature.delete()[pri:2, instance:testng.DependencyFeature@65f095f8] depends on not successfully finished methods
	at java.base/java.util.ArrayList.forEach(ArrayList.java:1541)
... Removed 18 stack frames</div></td></tr></table><p class="totop"><a href="#summary">back to summary</a></p>
<h3 id="m3">testng.Demo#demo</h3><table class="result"><tr><th>Messages</th></tr><tr><td><div class="messages">Demo</div></td></tr></table><p class="totop"><a href="#summary">back to summary</a></p>
<h3 id="m4">testng.FlagsofTestNG#gun</h3><table class="result"><tr><th>Messages</th></tr><tr><td><div class="messages">Gun method</div></td></tr></table><p class="totop"><a href="#summary">back to summary</a></p>
<h3 id="m5">testng.FlagsofTestNG#run</h3><table class="result"><tr><th>Messages</th></tr><tr><td><div class="messages">Run method</div></td></tr></table><p class="totop"><a href="#summary">back to summary</a></p>
<h3 id="m6">testng.Remo#remo</h3><table class="result"><tr><th>Messages</th></tr><tr><td><div class="messages">Remo</div></td></tr></table><p class="totop"><a href="#summary">back to summary</a></p>
<h3 id="m7">testng.Sumo#sumo</h3><table class="result"><tr><th>Messages</th></tr><tr><td><div class="messages">Sumo</div></td></tr></table><p class="totop"><a href="#summary">back to summary</a></p>
</body>
</html>
