<?xml version="1.0" encoding="UTF-8"?>
<testng-results ignored="1" total="9" passed="5" failed="2" skipped="1">
  <reporter-output>
    <line>
      <![CDATA[Demo]]>
    </line>
    <line>
      <![CDATA[Remo]]>
    </line>
    <line>
      <![CDATA[Run method]]>
    </line>
    <line>
      <![CDATA[Gun method]]>
    </line>
    <line>
      <![CDATA[Sumo]]>
    </line>
  </reporter-output>
  <suite started-at="2021-09-11T21:27:22 IST" name="Suite" finished-at="2021-09-11T21:27:35 IST" duration-ms="12532">
    <groups>
    </groups>
    <test started-at="2021-09-11T21:27:22 IST" name="Test" finished-at="2021-09-11T21:27:35 IST" duration-ms="12532">
      <class name="testng.AssertionFeature">
        <test-method signature="assertLoginPage()[pri:0, instance:testng.AssertionFeature@3d1cfad4]" started-at="2021-09-11T21:27:22 IST" name="assertLoginPage" finished-at="2021-09-11T21:27:35 IST" duration-ms="12357" status="FAIL">
          <exception class="org.openqa.selenium.SessionNotCreatedException">
            <message>
              <![CDATA[session not created: This version of ChromeDriver only supports Chrome version 90
Current browser version is 93.0.4577.63 with binary path C:\Program Files\Google\Chrome\Application\chrome.exe
Build info: version: '3.141.59', revision: 'e82be7d358', time: '2018-11-14T08:25:53'
System info: host: 'YERUVALA-LP', ip: '192.168.220.1', os.name: 'Windows 10', os.arch: 'amd64', os.version: '10.0', java.version: '11.0.12'
Driver info: driver.version: ChromeDriver
remote stacktrace: Backtrace:
Ordinal0 [0x00F9C013+2474003]
Ordinal0 [0x00F329C1+2042305]
Ordinal0 [0x00E42F68+1060712]
Ordinal0 [0x00E6188E+1185934]
Ordinal0 [0x00E5D600+1168896]
Ordinal0 [0x00E5AA83+1157763]
Ordinal0 [0x00E8A2A2+1352354]
Ordinal0 [0x00E88FAA+1347498]
Ordinal0 [0x00E866DB+1337051]
Ordinal0 [0x00E63427+1192999]
Ordinal0 [0x00E642EE+1196782]
Ordinal0 [0x00E64279+1196665]
GetHandleVerifier [0x011296FC+1590332]
GetHandleVerifier [0x011D8614+2306900]
GetHandleVerifier [0x01029E93+543699]
GetHandleVerifier [0x010292CE+540686]
Ordinal0 [0x00F386BA+2066106]
Ordinal0 [0x00F3D1C8+2085320]
Ordinal0 [0x00F3D308+2085640]
Ordinal0 [0x00F467F3+2123763]
BaseThreadInitThunk [0x7688FA29+25]
RtlGetAppContainerNamedObjectPath [0x77B47A7E+286]
RtlGetAppContainerNamedObjectPath [0x77B47A4E+238]
]]>
            </message>
            <full-stacktrace>
              <![CDATA[org.openqa.selenium.SessionNotCreatedException: session not created: This version of ChromeDriver only supports Chrome version 90
Current browser version is 93.0.4577.63 with binary path C:\Program Files\Google\Chrome\Application\chrome.exe
Build info: version: '3.141.59', revision: 'e82be7d358', time: '2018-11-14T08:25:53'
System info: host: 'YERUVALA-LP', ip: '192.168.220.1', os.name: 'Windows 10', os.arch: 'amd64', os.version: '10.0', java.version: '11.0.12'
Driver info: driver.version: ChromeDriver
remote stacktrace: Backtrace:
Ordinal0 [0x00F9C013+2474003]
Ordinal0 [0x00F329C1+2042305]
Ordinal0 [0x00E42F68+1060712]
Ordinal0 [0x00E6188E+1185934]
Ordinal0 [0x00E5D600+1168896]
Ordinal0 [0x00E5AA83+1157763]
Ordinal0 [0x00E8A2A2+1352354]
Ordinal0 [0x00E88FAA+1347498]
Ordinal0 [0x00E866DB+1337051]
Ordinal0 [0x00E63427+1192999]
Ordinal0 [0x00E642EE+1196782]
Ordinal0 [0x00E64279+1196665]
GetHandleVerifier [0x011296FC+1590332]
GetHandleVerifier [0x011D8614+2306900]
GetHandleVerifier [0x01029E93+543699]
GetHandleVerifier [0x010292CE+540686]
Ordinal0 [0x00F386BA+2066106]
Ordinal0 [0x00F3D1C8+2085320]
Ordinal0 [0x00F3D308+2085640]
Ordinal0 [0x00F467F3+2123763]
BaseThreadInitThunk [0x7688FA29+25]
RtlGetAppContainerNamedObjectPath [0x77B47A7E+286]
RtlGetAppContainerNamedObjectPath [0x77B47A4E+238]

at java.base/jdk.internal.reflect.NativeConstructorAccessorImpl.newInstance0(Native Method)
at java.base/jdk.internal.reflect.NativeConstructorAccessorImpl.newInstance(NativeConstructorAccessorImpl.java:62)
at java.base/jdk.internal.reflect.DelegatingConstructorAccessorImpl.newInstance(DelegatingConstructorAccessorImpl.java:45)
at java.base/java.lang.reflect.Constructor.newInstance(Constructor.java:490)
at org.openqa.selenium.remote.W3CHandshakeResponse.lambda$errorHandler$0(W3CHandshakeResponse.java:62)
at org.openqa.selenium.remote.HandshakeResponse.lambda$getResponseFunction$0(HandshakeResponse.java:30)
at org.openqa.selenium.remote.ProtocolHandshake.lambda$createSession$0(ProtocolHandshake.java:126)
at java.base/java.util.stream.ReferencePipeline$3$1.accept(ReferencePipeline.java:195)
at java.base/java.util.Spliterators$ArraySpliterator.tryAdvance(Spliterators.java:958)
at java.base/java.util.stream.ReferencePipeline.forEachWithCancel(ReferencePipeline.java:127)
at java.base/java.util.stream.AbstractPipeline.copyIntoWithCancel(AbstractPipeline.java:502)
at java.base/java.util.stream.AbstractPipeline.copyInto(AbstractPipeline.java:488)
at java.base/java.util.stream.AbstractPipeline.wrapAndCopyInto(AbstractPipeline.java:474)
at java.base/java.util.stream.FindOps$FindOp.evaluateSequential(FindOps.java:150)
at java.base/java.util.stream.AbstractPipeline.evaluate(AbstractPipeline.java:234)
at java.base/java.util.stream.ReferencePipeline.findFirst(ReferencePipeline.java:543)
at org.openqa.selenium.remote.ProtocolHandshake.createSession(ProtocolHandshake.java:128)
at org.openqa.selenium.remote.ProtocolHandshake.createSession(ProtocolHandshake.java:74)
at org.openqa.selenium.remote.HttpCommandExecutor.execute(HttpCommandExecutor.java:136)
at org.openqa.selenium.remote.service.DriverCommandExecutor.execute(DriverCommandExecutor.java:83)
at org.openqa.selenium.remote.RemoteWebDriver.execute(RemoteWebDriver.java:552)
at org.openqa.selenium.remote.RemoteWebDriver.startSession(RemoteWebDriver.java:213)
at org.openqa.selenium.remote.RemoteWebDriver.<init>(RemoteWebDriver.java:131)
at org.openqa.selenium.chrome.ChromeDriver.<init>(ChromeDriver.java:181)
at org.openqa.selenium.chrome.ChromeDriver.<init>(ChromeDriver.java:168)
at org.openqa.selenium.chrome.ChromeDriver.<init>(ChromeDriver.java:123)
at testng.AssertionFeature.assertLoginPage(AssertionFeature.java:16)
at java.base/jdk.internal.reflect.NativeMethodAccessorImpl.invoke0(Native Method)
at java.base/jdk.internal.reflect.NativeMethodAccessorImpl.invoke(NativeMethodAccessorImpl.java:62)
at java.base/jdk.internal.reflect.DelegatingMethodAccessorImpl.invoke(DelegatingMethodAccessorImpl.java:43)
at java.base/java.lang.reflect.Method.invoke(Method.java:566)
at org.testng.internal.MethodInvocationHelper.invokeMethod(MethodInvocationHelper.java:133)
at org.testng.internal.TestInvoker.invokeMethod(TestInvoker.java:598)
at org.testng.internal.TestInvoker.invokeTestMethod(TestInvoker.java:173)
at org.testng.internal.MethodRunner.runInSequence(MethodRunner.java:46)
at org.testng.internal.TestInvoker$MethodInvocationAgent.invoke(TestInvoker.java:824)
at org.testng.internal.TestInvoker.invokeTestMethods(TestInvoker.java:146)
at org.testng.internal.TestMethodWorker.invokeTestMethods(TestMethodWorker.java:146)
at org.testng.internal.TestMethodWorker.run(TestMethodWorker.java:128)
at java.base/java.util.ArrayList.forEach(ArrayList.java:1541)
at org.testng.TestRunner.privateRun(TestRunner.java:794)
at org.testng.TestRunner.run(TestRunner.java:596)
at org.testng.SuiteRunner.runTest(SuiteRunner.java:377)
at org.testng.SuiteRunner.runSequentially(SuiteRunner.java:371)
at org.testng.SuiteRunner.privateRun(SuiteRunner.java:332)
at org.testng.SuiteRunner.run(SuiteRunner.java:276)
at org.testng.SuiteRunnerWorker.runSuite(SuiteRunnerWorker.java:53)
at org.testng.SuiteRunnerWorker.run(SuiteRunnerWorker.java:96)
at org.testng.TestNG.runSuitesSequentially(TestNG.java:1212)
at org.testng.TestNG.runSuitesLocally(TestNG.java:1134)
at org.testng.TestNG.runSuites(TestNG.java:1063)
at org.testng.TestNG.run(TestNG.java:1031)
at org.testng.remote.AbstractRemoteTestNG.run(AbstractRemoteTestNG.java:115)
at org.testng.remote.RemoteTestNG.initAndRun(RemoteTestNG.java:251)
at org.testng.remote.RemoteTestNG.main(RemoteTestNG.java:77)
]]>
            </full-stacktrace>
          </exception> <!-- org.openqa.selenium.SessionNotCreatedException -->
          <reporter-output>
          </reporter-output>
        </test-method> <!-- assertLoginPage -->
      </class> <!-- testng.AssertionFeature -->
      <class name="testng.DependencyFeature">
        <test-method signature="transfer()[pri:1, instance:testng.DependencyFeature@65f095f8]" started-at="2021-09-11T21:27:22 IST" name="transfer" finished-at="2021-09-11T21:27:22 IST" duration-ms="5" status="FAIL">
          <exception class="java.lang.AssertionError">
            <message>
              <![CDATA[null]]>
            </message>
            <full-stacktrace>
              <![CDATA[java.lang.AssertionError: null
at org.testng.Assert.fail(Assert.java:99)
at org.testng.Assert.fail(Assert.java:106)
at testng.DependencyFeature.transfer(DependencyFeature.java:11)
at java.base/jdk.internal.reflect.NativeMethodAccessorImpl.invoke0(Native Method)
at java.base/jdk.internal.reflect.NativeMethodAccessorImpl.invoke(NativeMethodAccessorImpl.java:62)
at java.base/jdk.internal.reflect.DelegatingMethodAccessorImpl.invoke(DelegatingMethodAccessorImpl.java:43)
at java.base/java.lang.reflect.Method.invoke(Method.java:566)
at org.testng.internal.MethodInvocationHelper.invokeMethod(MethodInvocationHelper.java:133)
at org.testng.internal.TestInvoker.invokeMethod(TestInvoker.java:598)
at org.testng.internal.TestInvoker.invokeTestMethod(TestInvoker.java:173)
at org.testng.internal.MethodRunner.runInSequence(MethodRunner.java:46)
at org.testng.internal.TestInvoker$MethodInvocationAgent.invoke(TestInvoker.java:824)
at org.testng.internal.TestInvoker.invokeTestMethods(TestInvoker.java:146)
at org.testng.internal.TestMethodWorker.invokeTestMethods(TestMethodWorker.java:146)
at org.testng.internal.TestMethodWorker.run(TestMethodWorker.java:128)
at java.base/java.util.ArrayList.forEach(ArrayList.java:1541)
at org.testng.TestRunner.privateRun(TestRunner.java:794)
at org.testng.TestRunner.run(TestRunner.java:596)
at org.testng.SuiteRunner.runTest(SuiteRunner.java:377)
at org.testng.SuiteRunner.runSequentially(SuiteRunner.java:371)
at org.testng.SuiteRunner.privateRun(SuiteRunner.java:332)
at org.testng.SuiteRunner.run(SuiteRunner.java:276)
at org.testng.SuiteRunnerWorker.runSuite(SuiteRunnerWorker.java:53)
at org.testng.SuiteRunnerWorker.run(SuiteRunnerWorker.java:96)
at org.testng.TestNG.runSuitesSequentially(TestNG.java:1212)
at org.testng.TestNG.runSuitesLocally(TestNG.java:1134)
at org.testng.TestNG.runSuites(TestNG.java:1063)
at org.testng.TestNG.run(TestNG.java:1031)
at org.testng.remote.AbstractRemoteTestNG.run(AbstractRemoteTestNG.java:115)
at org.testng.remote.RemoteTestNG.initAndRun(RemoteTestNG.java:251)
at org.testng.remote.RemoteTestNG.main(RemoteTestNG.java:77)
]]>
            </full-stacktrace>
          </exception> <!-- java.lang.AssertionError -->
          <reporter-output>
          </reporter-output>
        </test-method> <!-- transfer -->
        <test-method signature="delete()[pri:2, instance:testng.DependencyFeature@65f095f8]" started-at="2021-09-11T21:27:22 IST" name="delete" finished-at="2021-09-11T21:27:22 IST" depends-on-methods="testng.DependencyFeature.transfer" duration-ms="0" status="SKIP">
          <exception class="java.lang.Throwable">
            <message>
              <![CDATA[Method DependencyFeature.delete()[pri:2, instance:testng.DependencyFeature@65f095f8] depends on not successfully finished methods]]>
            </message>
            <full-stacktrace>
              <![CDATA[java.lang.Throwable: Method DependencyFeature.delete()[pri:2, instance:testng.DependencyFeature@65f095f8] depends on not successfully finished methods
at org.testng.internal.TestInvoker.invokeTestMethods(TestInvoker.java:102)
at org.testng.internal.TestMethodWorker.invokeTestMethods(TestMethodWorker.java:146)
at org.testng.internal.TestMethodWorker.run(TestMethodWorker.java:128)
at java.base/java.util.ArrayList.forEach(ArrayList.java:1541)
at org.testng.TestRunner.privateRun(TestRunner.java:794)
at org.testng.TestRunner.run(TestRunner.java:596)
at org.testng.SuiteRunner.runTest(SuiteRunner.java:377)
at org.testng.SuiteRunner.runSequentially(SuiteRunner.java:371)
at org.testng.SuiteRunner.privateRun(SuiteRunner.java:332)
at org.testng.SuiteRunner.run(SuiteRunner.java:276)
at org.testng.SuiteRunnerWorker.runSuite(SuiteRunnerWorker.java:53)
at org.testng.SuiteRunnerWorker.run(SuiteRunnerWorker.java:96)
at org.testng.TestNG.runSuitesSequentially(TestNG.java:1212)
at org.testng.TestNG.runSuitesLocally(TestNG.java:1134)
at org.testng.TestNG.runSuites(TestNG.java:1063)
at org.testng.TestNG.run(TestNG.java:1031)
at org.testng.remote.AbstractRemoteTestNG.run(AbstractRemoteTestNG.java:115)
at org.testng.remote.RemoteTestNG.initAndRun(RemoteTestNG.java:251)
at org.testng.remote.RemoteTestNG.main(RemoteTestNG.java:77)
]]>
            </full-stacktrace>
          </exception> <!-- java.lang.Throwable -->
          <reporter-output>
          </reporter-output>
        </test-method> <!-- delete -->
      </class> <!-- testng.DependencyFeature -->
      <class name="testng.FlagsofTestNG">
        <test-method signature="run()[pri:1, instance:testng.FlagsofTestNG@3e6ef8ad]" started-at="2021-09-11T21:27:22 IST" name="run" finished-at="2021-09-11T21:27:22 IST" duration-ms="6" status="PASS">
          <reporter-output>
            <line>
              <![CDATA[Run method]]>
            </line>
          </reporter-output>
        </test-method> <!-- run -->
        <test-method signature="gun()[pri:3, instance:testng.FlagsofTestNG@3e6ef8ad]" started-at="2021-09-11T21:27:22 IST" name="gun" finished-at="2021-09-11T21:27:22 IST" duration-ms="1" status="PASS">
          <reporter-output>
            <line>
              <![CDATA[Gun method]]>
            </line>
          </reporter-output>
        </test-method> <!-- gun -->
      </class> <!-- testng.FlagsofTestNG -->
      <class name="testng.Sumo">
        <test-method signature="sumo()[pri:0, instance:testng.Sumo@747edf66]" started-at="2021-09-11T21:27:22 IST" name="sumo" finished-at="2021-09-11T21:27:22 IST" duration-ms="4" status="PASS">
          <reporter-output>
            <line>
              <![CDATA[Sumo]]>
            </line>
          </reporter-output>
        </test-method> <!-- sumo -->
      </class> <!-- testng.Sumo -->
      <class name="testng.Remo">
        <test-method signature="remo()[pri:0, instance:testng.Remo@59af0466]" started-at="2021-09-11T21:27:22 IST" name="remo" finished-at="2021-09-11T21:27:22 IST" duration-ms="2" status="PASS">
          <reporter-output>
            <line>
              <![CDATA[Remo]]>
            </line>
          </reporter-output>
        </test-method> <!-- remo -->
      </class> <!-- testng.Remo -->
      <class name="testng.Demo">
        <test-method signature="demo()[pri:0, instance:testng.Demo@40cb8df7]" started-at="2021-09-11T21:27:22 IST" name="demo" finished-at="2021-09-11T21:27:22 IST" duration-ms="9" status="PASS">
          <reporter-output>
            <line>
              <![CDATA[Demo]]>
            </line>
          </reporter-output>
        </test-method> <!-- demo -->
      </class> <!-- testng.Demo -->
    </test> <!-- Test -->
  </suite> <!-- Suite -->
</testng-results>
